<?xml version="1.0" encoding="UTF-8"?>
<!-- Generated by org.testng.reporters.JUnitXMLReporter -->
<testsuite ignored="0" hostname="LAPTOP-7Q4V18QD" failures="3" tests="3" name="checkingverboseuse" time="38.494" errors="0" timestamp="2022-05-24T15:26:22 IST">
  <testcase classname="testNGpackage.verbosetest" name="fbtitle" time="4.394">
    <failure type="java.lang.AssertionError" message="expected [Facebbok] but found [Facebook – log in or sign up]">
      <![CDATA[java.lang.AssertionError: expected [Facebbok] but found [Facebook – log in or sign up]
at testNGpackage.verbosetest.fbtitle(verbosetest.java:25)
at java.base/java.util.ArrayList.forEach(ArrayList.java:1511)
... Removed 33 stack frames]]>
    </failure>
  </testcase> <!-- fbtitle -->
  <testcase classname="testNGpackage.verbosetest" name="fbtitle2" time="4.846">
    <failure type="java.lang.AssertionError" message="expected [Facebbok] but found [Facebook – log in or sign up]">
      <![CDATA[java.lang.AssertionError: expected [Facebbok] but found [Facebook – log in or sign up]
at testNGpackage.verbosetest.fbtitle2(verbosetest.java:33)
at java.base/java.util.ArrayList.forEach(ArrayList.java:1511)
... Removed 33 stack frames]]>
    </failure>
  </testcase> <!-- fbtitle2 -->
  <testcase classname="testNGpackage.verbosetest" name="fbtitle3" time="3.877">
    <failure type="java.lang.AssertionError" message="expected [Facebbok] but found [Facebook – log in or sign up]">
      <![CDATA[java.lang.AssertionError: expected [Facebbok] but found [Facebook – log in or sign up]
at testNGpackage.verbosetest.fbtitle3(verbosetest.java:41)
at java.base/java.util.ArrayList.forEach(ArrayList.java:1511)
... Removed 33 stack frames]]>
    </failure>
  </testcase> <!-- fbtitle3 -->
</testsuite> <!-- checkingverboseuse -->
