<?xml version="1.0" encoding="UTF-8"?>
<testng-results ignored="0" total="2" passed="2" failed="0" skipped="0">
  <reporter-output>
  </reporter-output>
  <suite started-at="2022-06-21T19:27:21 IST" name="Default suite" finished-at="2022-06-21T19:27:21 IST" duration-ms="120">
    <groups>
    </groups>
    <test started-at="2022-06-21T19:27:21 IST" name="Default test" finished-at="2022-06-21T19:27:21 IST" duration-ms="120">
      <class name="project.test">
        <test-method is-config="true" signature="beforeClass()[pri:0, instance:project.test@128d2484]" started-at="2022-06-21T19:27:21 IST" name="beforeClass" finished-at="2022-06-21T19:27:21 IST" duration-ms="15" status="PASS">
          <reporter-output>
          </reporter-output>
        </test-method> <!-- beforeClass -->
        <test-method signature="testMethod()[pri:0, instance:project.test@128d2484]" started-at="2022-06-21T19:27:21 IST" name="testMethod" finished-at="2022-06-21T19:27:21 IST" duration-ms="11" status="PASS">
          <reporter-output>
          </reporter-output>
        </test-method> <!-- testMethod -->
        <test-method signature="testMethod1()[pri:0, instance:project.test@128d2484]" started-at="2022-06-21T19:27:21 IST" name="testMethod1" finished-at="2022-06-21T19:27:21 IST" duration-ms="6" status="PASS">
          <reporter-output>
          </reporter-output>
        </test-method> <!-- testMethod1 -->
      </class> <!-- project.test -->
    </test> <!-- Default test -->
  </suite> <!-- Default suite -->
</testng-results>
